<?xml version="1.0" encoding="UTF-8"?>
<!-- Generated by org.testng.reporters.JUnitReportReporter -->
<testsuite skipped="0" hostname="INBLN296" name="org.tst.excel.TestNGSample" tests="5" failures="0" timestamp="22 Jul 2021 01:13:34 GMT" time="26.967" errors="0">
  <testcase name="test4" time="4.177" classname="org.tst.excel.TestNGSample"/>
  <testcase name="test3" time="4.558" classname="org.tst.excel.TestNGSample"/>
  <testcase name="test2" time="5.839" classname="org.tst.excel.TestNGSample"/>
  <testcase name="login" time="5.571" classname="org.tst.excel.TestNGSample"/>
  <testcase name="test1" time="6.822" classname="org.tst.excel.TestNGSample"/>
</testsuite> <!-- org.tst.excel.TestNGSample -->
