<?xml version="1.0" encoding="UTF-8"?>
<!-- Generated by org.testng.reporters.JUnitReportReporter -->
<testsuite skipped="1" hostname="INBLN296" name="org.tst.excel.Launch3Browsers3" tests="8" failures="0" timestamp="22 Jul 2021 05:46:33 GMT" time="0.064" errors="0">
  <testcase name="tc0" time="0.025" classname="org.tst.excel.Launch3Browsers3"/>
  <testcase name="tc21" time="0.006" classname="org.tst.excel.Launch3Browsers3"/>
  <testcase name="tc22" time="0.002" classname="org.tst.excel.Launch3Browsers3"/>
  <testcase name="tc1" time="0.007" classname="org.tst.excel.Launch3Browsers3"/>
  <testcase name="tc2" time="0.003" classname="org.tst.excel.Launch3Browsers3"/>
  <testcase name="tc2" time="0.015" classname="org.tst.excel.Launch3Browsers3"/>
  <testcase name="tc2" time="0.006" classname="org.tst.excel.Launch3Browsers3"/>
  <testcase name="tc23" classname="org.tst.excel.Launch3Browsers3">
    <skipped/>
  </testcase> <!-- tc23 -->
</testsuite> <!-- org.tst.excel.Launch3Browsers3 -->
