<?xml version="1.0" encoding="UTF-8"?>
<!-- Generated by org.testng.reporters.JUnitReportReporter -->
<testsuite skipped="1" hostname="INBLN296" name="org.tst.excel.Launch3Browsers" tests="7" failures="0" timestamp="22 Jul 2021 05:46:33 GMT" time="0.056" errors="0">
  <testcase name="tc0" time="0.024" classname="org.tst.excel.Launch3Browsers"/>
  <testcase name="tc21" time="0.005" classname="org.tst.excel.Launch3Browsers"/>
  <testcase name="tc1" time="0.002" classname="org.tst.excel.Launch3Browsers"/>
  <testcase name="tc2" time="0.003" classname="org.tst.excel.Launch3Browsers"/>
  <testcase name="tc2" time="0.012" classname="org.tst.excel.Launch3Browsers"/>
  <testcase name="tc2" time="0.010" classname="org.tst.excel.Launch3Browsers"/>
  <testcase name="tc23" classname="org.tst.excel.Launch3Browsers">
    <skipped/>
  </testcase> <!-- tc23 -->
</testsuite> <!-- org.tst.excel.Launch3Browsers -->
