<?xml version="1.0" encoding="UTF-8"?>
<!-- Generated by org.testng.reporters.JUnitReportReporter -->
<testsuite skipped="1" hostname="INBLN296" name="org.tst.excel.Launch3Browsers2" tests="7" failures="0" timestamp="22 Jul 2021 05:46:33 GMT" time="0.060" errors="0">
  <testcase name="tc0" time="0.026" classname="org.tst.excel.Launch3Browsers2"/>
  <testcase name="tc21" time="0.020" classname="org.tst.excel.Launch3Browsers2"/>
  <testcase name="tc1" time="0.004" classname="org.tst.excel.Launch3Browsers2"/>
  <testcase name="tc2" time="0.004" classname="org.tst.excel.Launch3Browsers2"/>
  <testcase name="tc2" time="0.004" classname="org.tst.excel.Launch3Browsers2"/>
  <testcase name="tc2" time="0.002" classname="org.tst.excel.Launch3Browsers2"/>
  <testcase name="tc23" classname="org.tst.excel.Launch3Browsers2">
    <skipped/>
  </testcase> <!-- tc23 -->
</testsuite> <!-- org.tst.excel.Launch3Browsers2 -->
